<?xml version="1.0" encoding="UTF-8"?>
<testsuite xmlns:xsi="http://www.w3.org/2001/XMLSchema-instance" xsi:noNamespaceSchemaLocation="https://maven.apache.org/surefire/maven-surefire-plugin/xsd/surefire-test-report.xsd" name="TestSuite" time="61.763" tests="12" errors="0" skipped="0" failures="4">
  <properties>
[...]
</properties>
  <testcase name="testAddition" classname="com.winiumdemo.calculator.Addition" time="4.092"/>
  <testcase name="testAddition" classname="com.winiumdemo.calculator.Addition" time="4.225"/>
  <testcase name="testAddition" classname="com.winiumdemo.calculator.Addition" time="6.383">
    <failure message="Actual addition is 850 Expected addition is 900 expected [900] but found [850]" type="java.lang.AssertionError">java.lang.AssertionError: Actual addition is 850 Expected addition is 900 expected [900] but found [850]
	at com.winiumdemo.calculator.Addition.testAddition(Addition.java:29)
</failure>
    <system-out><![CDATA[INFO    2019-06-20 15:20:13,686 [main] com.winiumdriver.drivercreation.DriverController  - Sending input 400
INFO    2019-06-20 15:20:16,577 [main] com.winiumdriver.drivercreation.DriverController  - Sending input 450
INFO    2019-06-20 15:20:19,781 [main] com.winiumdriver.drivercreation.DriverController  - Capturing Screenshot
]]></system-out>
  </testcase>
  <testcase name="testDivision" classname="com.winiumdemo.calculator.Division" time="4.95"/>
  <testcase name="testDivision" classname="com.winiumdemo.calculator.Division" time="4.127"/>
  <testcase name="testDivision" classname="com.winiumdemo.calculator.Division" time="5.509">
    <failure message="Actual division is 2 Expected Division is 3 expected [3] but found [2]" type="java.lang.AssertionError">java.lang.AssertionError: Actual division is 2 Expected Division is 3 expected [3] but found [2]
	at com.winiumdemo.calculator.Division.testDivision(Division.java:29)
</failure>
    <system-out><![CDATA[INFO    2019-06-20 15:20:29,243 [main] com.winiumdriver.drivercreation.DriverController  - Sending input 200
INFO    2019-06-20 15:20:31,826 [main] com.winiumdriver.drivercreation.DriverController  - Sending input 100
INFO    2019-06-20 15:20:34,582 [main] com.winiumdriver.drivercreation.DriverController  - Capturing Screenshot
]]></system-out>
  </testcase>
  <testcase name="testMod" classname="com.winiumdemo.calculator.Mod" time="3.95"/>
  <testcase name="testMod" classname="com.winiumdemo.calculator.Mod" time="3.466"/>
  <testcase name="testMod" classname="com.winiumdemo.calculator.Mod" time="3.807">
    <failure message="Actual modulus is 3 Expected modulus is 6 expected [6] but found [3]" type="java.lang.AssertionError">java.lang.AssertionError: Actual modulus is 3 Expected modulus is 6 expected [6] but found [3]
	at com.winiumdemo.calculator.Mod.testMod(Mod.java:30)
</failure>
    <system-out><![CDATA[INFO    2019-06-20 15:20:42,249 [main] com.winiumdriver.drivercreation.DriverController  - Sending input 45
INFO    2019-06-20 15:20:44,343 [main] com.winiumdriver.drivercreation.DriverController  - Sending input 7
INFO    2019-06-20 15:20:45,957 [main] com.winiumdriver.drivercreation.DriverController  - Capturing Screenshot
]]></system-out>
  </testcase>
  <testcase name="testSquare" classname="com.winiumdemo.calculator.Square" time="2.893"/>
  <testcase name="testSquare" classname="com.winiumdemo.calculator.Square" time="2.675"/>
  <testcase name="testSquare" classname="com.winiumdemo.calculator.Square" time="2.801">
    <failure message="Actual square is 1679616 Expected square is 36 expected [36] but found [1679616]" type="java.lang.AssertionError">java.lang.AssertionError: Actual square is 1679616 Expected square is 36 expected [36] but found [1679616]
	at com.winiumdemo.calculator.Square.testSquare(Square.java:30)
</failure>
    <system-out><![CDATA[INFO    2019-06-20 15:20:51,699 [main] com.winiumdriver.drivercreation.DriverController  - Sending input 6
1679616
INFO    2019-06-20 15:20:54,380 [main] com.winiumdriver.drivercreation.DriverController  - Capturing Screenshot
]]></system-out>
  </testcase>
</testsuite>